<?xml version="1.0" encoding="UTF-8"?>
<!-- Generated by org.testng.reporters.JUnitReportReporter -->
<testsuite skipped="0" hostname="Dhupaguntla_Fam" name="com.mallik.classes.LoginTest"
	tests="1" failures="0" timestamp="15 Mar 2017 02:52:22 GMT" time="0.068"
	errors="0">
	<testcase name="mainTest" time="0.068" classname="com.mallik.classes.LoginTest" />
</testsuite> <!-- com.mallik.classes.LoginTest -->
